<?xml version="1.0" encoding="UTF-8"?>
<testsuite xmlns:xsi="http://www.w3.org/2001/XMLSchema-instance" xsi:noNamespaceSchemaLocation="https://maven.apache.org/surefire/maven-surefire-plugin/xsd/surefire-test-report-3.0.xsd" version="3.0" name="com.zedwerks.AppTest" time="0.016" tests="1" errors="0" skipped="0" failures="0">
  <properties>
    <property name="java.specification.version" value="21"/>
    <property name="sun.jnu.encoding" value="UTF-8"/>
    <property name="java.class.path" value="/Users/brad/Documents/GitHub/kc-smart-fhir-spi/keycloak-smart-on-fhir/target/test-classes:/Users/brad/Documents/GitHub/kc-smart-fhir-spi/keycloak-smart-on-fhir/target/classes:/Users/brad/.m2/repository/junit/junit/3.8.1/junit-3.8.1.jar:/Users/brad/.m2/repository/jakarta/ws/rs/jakarta.ws.rs-api/3.1.0/jakarta.ws.rs-api-3.1.0.jar:/Users/brad/.m2/repository/org/keycloak/keycloak-core/23.0.1/keycloak-core-23.0.1.jar:/Users/brad/.m2/repository/org/keycloak/keycloak-common/23.0.1/keycloak-common-23.0.1.jar:/Users/brad/.m2/repository/jakarta/activation/jakarta.activation-api/2.1.2/jakarta.activation-api-2.1.2.jar:/Users/brad/.m2/repository/com/fasterxml/jackson/core/jackson-core/2.15.2/jackson-core-2.15.2.jar:/Users/brad/.m2/repository/com/fasterxml/jackson/core/jackson-databind/2.15.2/jackson-databind-2.15.2.jar:/Users/brad/.m2/repository/org/eclipse/microprofile/openapi/microprofile-openapi-api/3.1.1/microprofile-openapi-api-3.1.1.jar:/Users/brad/.m2/repository/org/keycloak/keycloak-server-spi/23.0.1/keycloak-server-spi-23.0.1.jar:/Users/brad/.m2/repository/org/keycloak/keycloak-services/23.0.1/keycloak-services-23.0.1.jar:/Users/brad/.m2/repository/jakarta/mail/jakarta.mail-api/2.1.1/jakarta.mail-api-2.1.1.jar:/Users/brad/.m2/repository/org/eclipse/angus/angus-mail/2.0.1/angus-mail-2.0.1.jar:/Users/brad/.m2/repository/org/eclipse/angus/angus-activation/2.0.0/angus-activation-2.0.0.jar:/Users/brad/.m2/repository/org/twitter4j/twitter4j-core/4.1.2/twitter4j-core-4.1.2.jar:/Users/brad/.m2/repository/jakarta/transaction/jakarta.transaction-api/2.0.1/jakarta.transaction-api-2.0.1.jar:/Users/brad/.m2/repository/jakarta/xml/soap/jakarta.xml.soap-api/3.0.0/jakarta.xml.soap-api-3.0.0.jar:/Users/brad/.m2/repository/org/jboss/resteasy/resteasy-multipart-provider/6.2.4.Final/resteasy-multipart-provider-6.2.4.Final.jar:/Users/brad/.m2/repository/org/jboss/resteasy/resteasy-core-spi/6.2.4.Final/resteasy-core-spi-6.2.4.Final.jar:/Users/brad/.m2/repository/jakarta/annotation/jakarta.annotation-api/2.1.1/jakarta.annotation-api-2.1.1.jar:/Users/brad/.m2/repository/jakarta/xml/bind/jakarta.xml.bind-api/3.0.1/jakarta.xml.bind-api-3.0.1.jar:/Users/brad/.m2/repository/org/reactivestreams/reactive-streams/1.0.4/reactive-streams-1.0.4.jar:/Users/brad/.m2/repository/jakarta/validation/jakarta.validation-api/3.0.2/jakarta.validation-api-3.0.2.jar:/Users/brad/.m2/repository/org/jboss/resteasy/resteasy-core/6.2.4.Final/resteasy-core-6.2.4.Final.jar:/Users/brad/.m2/repository/org/jboss/jandex/2.4.3.Final/jandex-2.4.3.Final.jar:/Users/brad/.m2/repository/com/ibm/async/asyncutil/0.1.0/asyncutil-0.1.0.jar:/Users/brad/.m2/repository/org/jboss/resteasy/resteasy-jaxb-provider/6.2.4.Final/resteasy-jaxb-provider-6.2.4.Final.jar:/Users/brad/.m2/repository/org/glassfish/jaxb/codemodel/4.0.2/codemodel-4.0.2.jar:/Users/brad/.m2/repository/org/glassfish/jaxb/jaxb-core/4.0.2/jaxb-core-4.0.2.jar:/Users/brad/.m2/repository/org/glassfish/jaxb/jaxb-jxc/4.0.2/jaxb-jxc-4.0.2.jar:/Users/brad/.m2/repository/org/glassfish/jaxb/jaxb-runtime/4.0.2/jaxb-runtime-4.0.2.jar:/Users/brad/.m2/repository/org/glassfish/jaxb/txw2/4.0.2/txw2-4.0.2.jar:/Users/brad/.m2/repository/org/glassfish/jaxb/jaxb-xjc/4.0.2/jaxb-xjc-4.0.2.jar:/Users/brad/.m2/repository/org/glassfish/jaxb/xsom/4.0.2/xsom-4.0.2.jar:/Users/brad/.m2/repository/com/sun/istack/istack-commons-runtime/4.1.2/istack-commons-runtime-4.1.2.jar:/Users/brad/.m2/repository/com/sun/istack/istack-commons-tools/4.1.2/istack-commons-tools-4.1.2.jar:/Users/brad/.m2/repository/com/sun/xml/bind/external/relaxng-datatype/4.0.2/relaxng-datatype-4.0.2.jar:/Users/brad/.m2/repository/com/sun/xml/bind/external/rngom/4.0.2/rngom-4.0.2.jar:/Users/brad/.m2/repository/org/apache/james/apache-mime4j-dom/0.8.9/apache-mime4j-dom-0.8.9.jar:/Users/brad/.m2/repository/org/apache/james/apache-mime4j-core/0.8.9/apache-mime4j-core-0.8.9.jar:/Users/brad/.m2/repository/org/apache/james/apache-mime4j-storage/0.8.9/apache-mime4j-storage-0.8.9.jar:/Users/brad/.m2/repository/commons-io/commons-io/2.11.0/commons-io-2.11.0.jar:/Users/brad/.m2/repository/com/googlecode/owasp-java-html-sanitizer/owasp-java-html-sanitizer/20220608.1/owasp-java-html-sanitizer-20220608.1.jar:/Users/brad/.m2/repository/com/google/guava/guava/30.1-jre/guava-30.1-jre.jar:/Users/brad/.m2/repository/com/google/guava/failureaccess/1.0.1/failureaccess-1.0.1.jar:/Users/brad/.m2/repository/com/google/guava/listenablefuture/9999.0-empty-to-avoid-conflict-with-guava/listenablefuture-9999.0-empty-to-avoid-conflict-with-guava.jar:/Users/brad/.m2/repository/com/google/code/findbugs/jsr305/3.0.2/jsr305-3.0.2.jar:/Users/brad/.m2/repository/com/google/errorprone/error_prone_annotations/2.3.4/error_prone_annotations-2.3.4.jar:/Users/brad/.m2/repository/com/google/j2objc/j2objc-annotations/1.3/j2objc-annotations-1.3.jar:/Users/brad/.m2/repository/com/fasterxml/jackson/core/jackson-annotations/2.15.2/jackson-annotations-2.15.2.jar:/Users/brad/.m2/repository/javax/annotation/javax.annotation-api/1.3.2/javax.annotation-api-1.3.2.jar:/Users/brad/.m2/repository/com/fasterxml/jackson/datatype/jackson-datatype-jdk8/2.15.2/jackson-datatype-jdk8-2.15.2.jar:/Users/brad/.m2/repository/com/google/zxing/javase/3.4.0/javase-3.4.0.jar:/Users/brad/.m2/repository/com/google/zxing/core/3.4.0/core-3.4.0.jar:/Users/brad/.m2/repository/com/github/jai-imageio/jai-imageio-core/1.4.0/jai-imageio-core-1.4.0.jar:/Users/brad/.m2/repository/com/webauthn4j/webauthn4j-core/0.21.5.RELEASE/webauthn4j-core-0.21.5.RELEASE.jar:/Users/brad/.m2/repository/com/webauthn4j/webauthn4j-util/0.21.5.RELEASE/webauthn4j-util-0.21.5.RELEASE.jar:/Users/brad/.m2/repository/org/slf4j/slf4j-api/2.0.7/slf4j-api-2.0.7.jar:/Users/brad/.m2/repository/org/apache/kerby/kerby-asn1/2.0.3/kerby-asn1-2.0.3.jar:/Users/brad/.m2/repository/com/fasterxml/jackson/dataformat/jackson-dataformat-cbor/2.15.2/jackson-dataformat-cbor-2.15.2.jar:/Users/brad/.m2/repository/org/checkerframework/checker-qual/3.36.0/checker-qual-3.36.0.jar:/Users/brad/.m2/repository/com/github/ua-parser/uap-java/1.5.4/uap-java-1.5.4.jar:/Users/brad/.m2/repository/org/yaml/snakeyaml/1.33/snakeyaml-1.33.jar:/Users/brad/.m2/repository/org/apache/commons/commons-collections4/4.4/commons-collections4-4.4.jar:/Users/brad/.m2/repository/org/keycloak/keycloak-server-spi-private/23.0.1/keycloak-server-spi-private-23.0.1.jar:/Users/brad/.m2/repository/org/apache/httpcomponents/httpclient/4.5.14/httpclient-4.5.14.jar:/Users/brad/.m2/repository/org/apache/httpcomponents/httpcore/4.4.16/httpcore-4.4.16.jar:/Users/brad/.m2/repository/commons-logging/commons-logging/1.2/commons-logging-1.2.jar:/Users/brad/.m2/repository/commons-codec/commons-codec/1.11/commons-codec-1.11.jar:/Users/brad/.m2/repository/org/jboss/logging/jboss-logging/3.3.2.Final/jboss-logging-3.3.2.Final.jar:"/>
    <property name="java.vm.vendor" value="Homebrew"/>
    <property name="sun.arch.data.model" value="64"/>
    <property name="java.vendor.url" value="https://github.com/Homebrew/homebrew-core/issues"/>
    <property name="os.name" value="Mac OS X"/>
    <property name="java.vm.specification.version" value="21"/>
    <property name="sun.java.launcher" value="SUN_STANDARD"/>
    <property name="user.country" value="CA"/>
    <property name="sun.boot.library.path" value="/opt/homebrew/Cellar/openjdk/21/libexec/openjdk.jdk/Contents/Home/lib"/>
    <property name="sun.java.command" value="/Users/brad/Documents/GitHub/kc-smart-fhir-spi/keycloak-smart-on-fhir/target/surefire/surefirebooter-20240110103320783_3.jar /Users/brad/Documents/GitHub/kc-smart-fhir-spi/keycloak-smart-on-fhir/target/surefire 2024-01-10T10-33-20_743-jvmRun1 surefire-20240110103320783_1tmp surefire_0-20240110103320783_2tmp"/>
    <property name="http.nonProxyHosts" value="local|*.local|169.254/16|*.169.254/16"/>
    <property name="jdk.debug" value="release"/>
    <property name="surefire.test.class.path" value="/Users/brad/Documents/GitHub/kc-smart-fhir-spi/keycloak-smart-on-fhir/target/test-classes:/Users/brad/Documents/GitHub/kc-smart-fhir-spi/keycloak-smart-on-fhir/target/classes:/Users/brad/.m2/repository/junit/junit/3.8.1/junit-3.8.1.jar:/Users/brad/.m2/repository/jakarta/ws/rs/jakarta.ws.rs-api/3.1.0/jakarta.ws.rs-api-3.1.0.jar:/Users/brad/.m2/repository/org/keycloak/keycloak-core/23.0.1/keycloak-core-23.0.1.jar:/Users/brad/.m2/repository/org/keycloak/keycloak-common/23.0.1/keycloak-common-23.0.1.jar:/Users/brad/.m2/repository/jakarta/activation/jakarta.activation-api/2.1.2/jakarta.activation-api-2.1.2.jar:/Users/brad/.m2/repository/com/fasterxml/jackson/core/jackson-core/2.15.2/jackson-core-2.15.2.jar:/Users/brad/.m2/repository/com/fasterxml/jackson/core/jackson-databind/2.15.2/jackson-databind-2.15.2.jar:/Users/brad/.m2/repository/org/eclipse/microprofile/openapi/microprofile-openapi-api/3.1.1/microprofile-openapi-api-3.1.1.jar:/Users/brad/.m2/repository/org/keycloak/keycloak-server-spi/23.0.1/keycloak-server-spi-23.0.1.jar:/Users/brad/.m2/repository/org/keycloak/keycloak-services/23.0.1/keycloak-services-23.0.1.jar:/Users/brad/.m2/repository/jakarta/mail/jakarta.mail-api/2.1.1/jakarta.mail-api-2.1.1.jar:/Users/brad/.m2/repository/org/eclipse/angus/angus-mail/2.0.1/angus-mail-2.0.1.jar:/Users/brad/.m2/repository/org/eclipse/angus/angus-activation/2.0.0/angus-activation-2.0.0.jar:/Users/brad/.m2/repository/org/twitter4j/twitter4j-core/4.1.2/twitter4j-core-4.1.2.jar:/Users/brad/.m2/repository/jakarta/transaction/jakarta.transaction-api/2.0.1/jakarta.transaction-api-2.0.1.jar:/Users/brad/.m2/repository/jakarta/xml/soap/jakarta.xml.soap-api/3.0.0/jakarta.xml.soap-api-3.0.0.jar:/Users/brad/.m2/repository/org/jboss/resteasy/resteasy-multipart-provider/6.2.4.Final/resteasy-multipart-provider-6.2.4.Final.jar:/Users/brad/.m2/repository/org/jboss/resteasy/resteasy-core-spi/6.2.4.Final/resteasy-core-spi-6.2.4.Final.jar:/Users/brad/.m2/repository/jakarta/annotation/jakarta.annotation-api/2.1.1/jakarta.annotation-api-2.1.1.jar:/Users/brad/.m2/repository/jakarta/xml/bind/jakarta.xml.bind-api/3.0.1/jakarta.xml.bind-api-3.0.1.jar:/Users/brad/.m2/repository/org/reactivestreams/reactive-streams/1.0.4/reactive-streams-1.0.4.jar:/Users/brad/.m2/repository/jakarta/validation/jakarta.validation-api/3.0.2/jakarta.validation-api-3.0.2.jar:/Users/brad/.m2/repository/org/jboss/resteasy/resteasy-core/6.2.4.Final/resteasy-core-6.2.4.Final.jar:/Users/brad/.m2/repository/org/jboss/jandex/2.4.3.Final/jandex-2.4.3.Final.jar:/Users/brad/.m2/repository/com/ibm/async/asyncutil/0.1.0/asyncutil-0.1.0.jar:/Users/brad/.m2/repository/org/jboss/resteasy/resteasy-jaxb-provider/6.2.4.Final/resteasy-jaxb-provider-6.2.4.Final.jar:/Users/brad/.m2/repository/org/glassfish/jaxb/codemodel/4.0.2/codemodel-4.0.2.jar:/Users/brad/.m2/repository/org/glassfish/jaxb/jaxb-core/4.0.2/jaxb-core-4.0.2.jar:/Users/brad/.m2/repository/org/glassfish/jaxb/jaxb-jxc/4.0.2/jaxb-jxc-4.0.2.jar:/Users/brad/.m2/repository/org/glassfish/jaxb/jaxb-runtime/4.0.2/jaxb-runtime-4.0.2.jar:/Users/brad/.m2/repository/org/glassfish/jaxb/txw2/4.0.2/txw2-4.0.2.jar:/Users/brad/.m2/repository/org/glassfish/jaxb/jaxb-xjc/4.0.2/jaxb-xjc-4.0.2.jar:/Users/brad/.m2/repository/org/glassfish/jaxb/xsom/4.0.2/xsom-4.0.2.jar:/Users/brad/.m2/repository/com/sun/istack/istack-commons-runtime/4.1.2/istack-commons-runtime-4.1.2.jar:/Users/brad/.m2/repository/com/sun/istack/istack-commons-tools/4.1.2/istack-commons-tools-4.1.2.jar:/Users/brad/.m2/repository/com/sun/xml/bind/external/relaxng-datatype/4.0.2/relaxng-datatype-4.0.2.jar:/Users/brad/.m2/repository/com/sun/xml/bind/external/rngom/4.0.2/rngom-4.0.2.jar:/Users/brad/.m2/repository/org/apache/james/apache-mime4j-dom/0.8.9/apache-mime4j-dom-0.8.9.jar:/Users/brad/.m2/repository/org/apache/james/apache-mime4j-core/0.8.9/apache-mime4j-core-0.8.9.jar:/Users/brad/.m2/repository/org/apache/james/apache-mime4j-storage/0.8.9/apache-mime4j-storage-0.8.9.jar:/Users/brad/.m2/repository/commons-io/commons-io/2.11.0/commons-io-2.11.0.jar:/Users/brad/.m2/repository/com/googlecode/owasp-java-html-sanitizer/owasp-java-html-sanitizer/20220608.1/owasp-java-html-sanitizer-20220608.1.jar:/Users/brad/.m2/repository/com/google/guava/guava/30.1-jre/guava-30.1-jre.jar:/Users/brad/.m2/repository/com/google/guava/failureaccess/1.0.1/failureaccess-1.0.1.jar:/Users/brad/.m2/repository/com/google/guava/listenablefuture/9999.0-empty-to-avoid-conflict-with-guava/listenablefuture-9999.0-empty-to-avoid-conflict-with-guava.jar:/Users/brad/.m2/repository/com/google/code/findbugs/jsr305/3.0.2/jsr305-3.0.2.jar:/Users/brad/.m2/repository/com/google/errorprone/error_prone_annotations/2.3.4/error_prone_annotations-2.3.4.jar:/Users/brad/.m2/repository/com/google/j2objc/j2objc-annotations/1.3/j2objc-annotations-1.3.jar:/Users/brad/.m2/repository/com/fasterxml/jackson/core/jackson-annotations/2.15.2/jackson-annotations-2.15.2.jar:/Users/brad/.m2/repository/javax/annotation/javax.annotation-api/1.3.2/javax.annotation-api-1.3.2.jar:/Users/brad/.m2/repository/com/fasterxml/jackson/datatype/jackson-datatype-jdk8/2.15.2/jackson-datatype-jdk8-2.15.2.jar:/Users/brad/.m2/repository/com/google/zxing/javase/3.4.0/javase-3.4.0.jar:/Users/brad/.m2/repository/com/google/zxing/core/3.4.0/core-3.4.0.jar:/Users/brad/.m2/repository/com/github/jai-imageio/jai-imageio-core/1.4.0/jai-imageio-core-1.4.0.jar:/Users/brad/.m2/repository/com/webauthn4j/webauthn4j-core/0.21.5.RELEASE/webauthn4j-core-0.21.5.RELEASE.jar:/Users/brad/.m2/repository/com/webauthn4j/webauthn4j-util/0.21.5.RELEASE/webauthn4j-util-0.21.5.RELEASE.jar:/Users/brad/.m2/repository/org/slf4j/slf4j-api/2.0.7/slf4j-api-2.0.7.jar:/Users/brad/.m2/repository/org/apache/kerby/kerby-asn1/2.0.3/kerby-asn1-2.0.3.jar:/Users/brad/.m2/repository/com/fasterxml/jackson/dataformat/jackson-dataformat-cbor/2.15.2/jackson-dataformat-cbor-2.15.2.jar:/Users/brad/.m2/repository/org/checkerframework/checker-qual/3.36.0/checker-qual-3.36.0.jar:/Users/brad/.m2/repository/com/github/ua-parser/uap-java/1.5.4/uap-java-1.5.4.jar:/Users/brad/.m2/repository/org/yaml/snakeyaml/1.33/snakeyaml-1.33.jar:/Users/brad/.m2/repository/org/apache/commons/commons-collections4/4.4/commons-collections4-4.4.jar:/Users/brad/.m2/repository/org/keycloak/keycloak-server-spi-private/23.0.1/keycloak-server-spi-private-23.0.1.jar:/Users/brad/.m2/repository/org/apache/httpcomponents/httpclient/4.5.14/httpclient-4.5.14.jar:/Users/brad/.m2/repository/org/apache/httpcomponents/httpcore/4.4.16/httpcore-4.4.16.jar:/Users/brad/.m2/repository/commons-logging/commons-logging/1.2/commons-logging-1.2.jar:/Users/brad/.m2/repository/commons-codec/commons-codec/1.11/commons-codec-1.11.jar:/Users/brad/.m2/repository/org/jboss/logging/jboss-logging/3.3.2.Final/jboss-logging-3.3.2.Final.jar:"/>
    <property name="sun.cpu.endian" value="little"/>
    <property name="user.home" value="/Users/brad"/>
    <property name="user.language" value="en"/>
    <property name="java.specification.vendor" value="Oracle Corporation"/>
    <property name="java.version.date" value="2023-09-19"/>
    <property name="java.home" value="/opt/homebrew/Cellar/openjdk/21/libexec/openjdk.jdk/Contents/Home"/>
    <property name="file.separator" value="/"/>
    <property name="basedir" value="/Users/brad/Documents/GitHub/kc-smart-fhir-spi/keycloak-smart-on-fhir"/>
    <property name="java.vm.compressedOopsMode" value="Zero based"/>
    <property name="line.separator" value="&#10;"/>
    <property name="java.vm.specification.vendor" value="Oracle Corporation"/>
    <property name="java.specification.name" value="Java Platform API Specification"/>
    <property name="apple.awt.application.name" value="ForkedBooter"/>
    <property name="surefire.real.class.path" value="/Users/brad/Documents/GitHub/kc-smart-fhir-spi/keycloak-smart-on-fhir/target/surefire/surefirebooter-20240110103320783_3.jar"/>
    <property name="sun.management.compiler" value="HotSpot 64-Bit Tiered Compilers"/>
    <property name="ftp.nonProxyHosts" value="local|*.local|169.254/16|*.169.254/16"/>
    <property name="java.runtime.version" value="21"/>
    <property name="user.name" value="brad"/>
    <property name="stdout.encoding" value="UTF-8"/>
    <property name="path.separator" value=":"/>
    <property name="os.version" value="14.2.1"/>
    <property name="java.runtime.name" value="OpenJDK Runtime Environment"/>
    <property name="file.encoding" value="UTF-8"/>
    <property name="java.vm.name" value="OpenJDK 64-Bit Server VM"/>
    <property name="java.vendor.version" value="Homebrew"/>
    <property name="localRepository" value="/Users/brad/.m2/repository"/>
    <property name="java.vendor.url.bug" value="https://github.com/Homebrew/homebrew-core/issues"/>
    <property name="java.io.tmpdir" value="/var/folders/r2/1ggj0y210xbc03gggyhqz2z80000gn/T/"/>
    <property name="java.version" value="21"/>
    <property name="user.dir" value="/Users/brad/Documents/GitHub/kc-smart-fhir-spi/keycloak-smart-on-fhir"/>
    <property name="os.arch" value="aarch64"/>
    <property name="java.vm.specification.name" value="Java Virtual Machine Specification"/>
    <property name="native.encoding" value="UTF-8"/>
    <property name="java.library.path" value="/Users/brad/Library/Java/Extensions:/Library/Java/Extensions:/Network/Library/Java/Extensions:/System/Library/Java/Extensions:/usr/lib/java:."/>
    <property name="java.vm.info" value="mixed mode, sharing"/>
    <property name="stderr.encoding" value="UTF-8"/>
    <property name="java.vendor" value="Homebrew"/>
    <property name="java.vm.version" value="21"/>
    <property name="sun.io.unicode.encoding" value="UnicodeBig"/>
    <property name="socksNonProxyHosts" value="local|*.local|169.254/16|*.169.254/16"/>
    <property name="java.class.version" value="65.0"/>
  </properties>
  <testcase name="testApp" classname="com.zedwerks.AppTest" time="0.002"/>
</testsuite>